2026-01-09T15:21:28.502-06:00  INFO 556929 --- [main] c.h.a.c.CustomScannersServiceApplication : Starting CustomScannersServiceApplication v1.1.3 using Java 21.0.9 with PID 556929 (/home/jack/.vscode/extensions/hcltechnologies.hclappscancodesweep-1.5.1/lib/custom-scanners-service-1.1.3.jar started by jack in /home/jack/Pictures/fullstack)
2026-01-09T15:21:28.507-06:00  INFO 556929 --- [main] c.h.a.c.CustomScannersServiceApplication : No active profile set, falling back to 1 default profile: "default"
2026-01-09T15:21:32.059-06:00  INFO 556929 --- [main] o.s.b.w.embedded.tomcat.TomcatWebServer  : Tomcat initialized with port 9221 (http)
2026-01-09T15:21:32.087-06:00  INFO 556929 --- [main] o.apache.catalina.core.StandardService   : Starting service [Tomcat]
2026-01-09T15:21:32.088-06:00  INFO 556929 --- [main] o.apache.catalina.core.StandardEngine    : Starting Servlet engine: [Apache Tomcat/10.1.46]
2026-01-09T15:21:32.140-06:00  INFO 556929 --- [main] o.a.c.c.C.[Tomcat].[localhost].[/]       : Initializing Spring embedded WebApplicationContext
2026-01-09T15:21:32.140-06:00  INFO 556929 --- [main] w.s.c.ServletWebServerApplicationContext : Root WebApplicationContext: initialization completed in 3139 ms
2026-01-09T15:21:32.333-06:00 DEBUG 556929 --- [main] o.s.b.w.s.ServletContextInitializerBeans : Mapping filters: webMvcObservationFilter urls=[/*] order=-2147483647, characterEncodingFilter urls=[/*] order=-2147483648, formContentFilter urls=[/*] order=-9900, requestContextFilter urls=[/*] order=-105
2026-01-09T15:21:32.334-06:00 DEBUG 556929 --- [main] o.s.b.w.s.ServletContextInitializerBeans : Mapping servlets: dispatcherServlet urls=[/]
2026-01-09T15:21:32.399-06:00 DEBUG 556929 --- [main] o.s.w.f.ServerHttpObservationFilter      : Filter 'webMvcObservationFilter' configured for use
2026-01-09T15:21:33.611-06:00  INFO 556929 --- [main] o.s.v.b.OptionalValidatorFactoryBean     : Failed to set up a Bean Validation provider: jakarta.validation.NoProviderFoundException: Unable to create a Configuration, because no Jakarta Bean Validation provider could be found. Add a provider like Hibernate Validator (RI) to your classpath.
2026-01-09T15:21:33.802-06:00 DEBUG 556929 --- [main] s.w.s.m.m.a.RequestMappingHandlerMapping : 23 mappings in 'requestMappingHandlerMapping'
2026-01-09T15:21:33.904-06:00 DEBUG 556929 --- [main] o.s.w.s.handler.SimpleUrlHandlerMapping  : Patterns [/webjars/**, /**, /swagger-ui*/*swagger-initializer.js, /swagger-ui*/**] in 'resourceHandlerMapping'
2026-01-09T15:21:33.967-06:00 DEBUG 556929 --- [main] s.w.s.m.m.a.RequestMappingHandlerAdapter : ControllerAdvice beans: 0 @ModelAttribute, 0 @InitBinder, 1 RequestBodyAdvice, 1 ResponseBodyAdvice
2026-01-09T15:21:34.050-06:00 DEBUG 556929 --- [main] .m.m.a.ExceptionHandlerExceptionResolver : ControllerAdvice beans: 2 @ExceptionHandler, 1 ResponseBodyAdvice
2026-01-09T15:21:34.534-06:00  INFO 556929 --- [Thread-0] c.h.a.s.s.services.ArticleResource       : Completed reading English articles
2026-01-09T15:21:34.557-06:00  INFO 556929 --- [main] o.s.b.a.e.web.EndpointLinksResolver      : Exposing 1 endpoint beneath base path '/actuator'
2026-01-09T15:21:34.642-06:00  INFO 556929 --- [main] o.s.b.w.embedded.tomcat.TomcatWebServer  : Tomcat started on port 9221 (http) with context path '/'
2026-01-09T15:21:34.661-06:00  INFO 556929 --- [main] c.h.a.c.CustomScannersServiceApplication : Started CustomScannersServiceApplication in 6.991 seconds (process running for 7.827)
2026-01-09T15:21:34.780-06:00  INFO 556929 --- [http-nio-9221-exec-1] o.a.c.c.C.[Tomcat].[localhost].[/]       : Initializing Spring DispatcherServlet 'dispatcherServlet'
2026-01-09T15:21:34.781-06:00  INFO 556929 --- [http-nio-9221-exec-1] o.s.web.servlet.DispatcherServlet        : Initializing Servlet 'dispatcherServlet'
2026-01-09T15:21:34.782-06:00 DEBUG 556929 --- [http-nio-9221-exec-1] o.s.web.servlet.DispatcherServlet        : Detected StandardServletMultipartResolver
2026-01-09T15:21:34.782-06:00 DEBUG 556929 --- [http-nio-9221-exec-1] o.s.web.servlet.DispatcherServlet        : Detected CookieLocaleResolver
2026-01-09T15:21:34.782-06:00 DEBUG 556929 --- [http-nio-9221-exec-1] o.s.web.servlet.DispatcherServlet        : Detected CookieThemeResolver
2026-01-09T15:21:34.784-06:00 DEBUG 556929 --- [http-nio-9221-exec-1] o.s.web.servlet.DispatcherServlet        : Detected org.springframework.web.servlet.view.DefaultRequestToViewNameTranslator@48b7bc31
2026-01-09T15:21:34.785-06:00 DEBUG 556929 --- [http-nio-9221-exec-1] o.s.web.servlet.DispatcherServlet        : Detected org.springframework.web.servlet.support.SessionFlashMapManager@59bb31e2
2026-01-09T15:21:34.785-06:00 DEBUG 556929 --- [http-nio-9221-exec-1] o.s.web.servlet.DispatcherServlet        : enableLoggingRequestDetails='false': request parameters and headers will be masked to prevent unsafe logging of potentially sensitive data
2026-01-09T15:21:34.785-06:00  INFO 556929 --- [http-nio-9221-exec-1] o.s.web.servlet.DispatcherServlet        : Completed initialization in 4 ms
2026-01-09T15:21:34.827-06:00 DEBUG 556929 --- [http-nio-9221-exec-1] o.s.web.servlet.DispatcherServlet        : GET "/v1/scanRules", parameters={}
2026-01-09T15:21:34.834-06:00 DEBUG 556929 --- [http-nio-9221-exec-1] s.w.s.m.m.a.RequestMappingHandlerMapping : Mapped to com.hcl.appscan.customscannersservice.controller.CustomScannersController#getScanRules(String[])
2026-01-09T15:21:34.877-06:00 DEBUG 556929 --- [http-nio-9221-exec-1] o.s.w.s.m.m.a.HttpEntityMethodProcessor  : Using 'application/json', given [application/json, text/plain, */*] and supported [application/json]
2026-01-09T15:21:34.903-06:00 DEBUG 556929 --- [http-nio-9221-exec-1] o.s.w.s.m.m.a.HttpEntityMethodProcessor  : Writing [{Golang={com.ouncelabs.languagelite.golang.rules.WeakCryptoGolang=CustomScannersServiceScanRule{rule (truncated)...]
2026-01-09T15:21:35.080-06:00 DEBUG 556929 --- [http-nio-9221-exec-1] o.s.web.servlet.DispatcherServlet        : Completed 200 OK
